<?xml version="1.0" encoding="UTF-8"?><testsuite errors="1" failures="0" name="Academy Choucair" skipped="0" tests="1" time="21.03" timestamp="2021-02-11 08:20:31"><testcase name="Search for a automation course"><error message="Arity mismatch: Step Definition 'stepdefinitions.ChoucairAcademyStepDefinitions.heSearchForTheCourseRecursosAutomatizacionBancolombiaOnTheChoucairAcademyPlatform(AcademyChoucairData&gt;) in file:/D:/proyecto%20choucair/build/classes/java/test/' with pattern [^he search for the course (.*) on the choucair academy platform$] is declared with 1 parameters. However, the gherkin step has 2 arguments [, Table:[[strCourse], [Recursos Automatizacion Bancolombia]]]. &#10;Step text: he search for the course  on the choucair academy platform" type="cucumber.runtime.CucumberException">Arity mismatch: Step Definition 'stepdefinitions.ChoucairAcademyStepDefinitions.heSearchForTheCourseRecursosAutomatizacionBancolombiaOnTheChoucairAcademyPlatform(AcademyChoucairData&gt;) in file:/D:/proyecto%20choucair/build/classes/java/test/' with pattern [^he search for the course (.*) on the choucair academy platform$] is declared with 1 parameters. However, the gherkin step has 2 arguments [, Table:[[strCourse], [Recursos Automatizacion Bancolombia]]]. 
Step text: he search for the course  on the choucair academy platform</error><system-err>Arity mismatch: Step Definition 'stepdefinitions.ChoucairAcademyStepDefinitions.heSearchForTheCourseRecursosAutomatizacionBancolombiaOnTheChoucairAcademyPlatform(AcademyChoucairData&gt;) in file:/D:/proyecto%20choucair/build/classes/java/test/' with pattern [^he search for the course (.*) on the choucair academy platform$] is declared with 1 parameters. However, the gherkin step has 2 arguments [, Table:[[strCourse], [Recursos Automatizacion Bancolombia]]]. 
Step text: he search for the course  on the choucair academy platform&#13;
cucumber.runner.Runner.runPickle(Runner.java:80)&#13;
</system-err></testcase></testsuite>